2024-02-28 18:15:18,183:WARNING:
CPU Usage: 4.5%, 
Total Memory: 7.70 GB, 
Available Memory: 6.45 GB, 
Used Memory: 1.02 GB, 
Memory Usage: 16.2%, 
Total Disk Space: 1006.85 GB, 
Used Disk Space: 2.80 GB, 
Free Disk Space: 952.84 GB, 
Disk Space Usage: 0.3%

2024-02-28 18:16:35,407:WARNING:
CPU Usage: 0.0%, 
Total Memory: 7.70 GB, 
Available Memory: 6.45 GB, 
Used Memory: 1.02 GB, 
Memory Usage: 16.2%, 
Total Disk Space: 1006.85 GB, 
Used Disk Space: 2.80 GB, 
Free Disk Space: 952.84 GB, 
Disk Space Usage: 0.3%

2024-02-28 18:17:10,485:WARNING:
CPU Usage: 0.1%, 
Total Memory: 7.70 GB, 
Available Memory: 6.44 GB, 
Used Memory: 1.03 GB, 
Memory Usage: 16.4%, 
Total Disk Space: 1006.85 GB, 
Used Disk Space: 2.80 GB, 
Free Disk Space: 952.84 GB, 
Disk Space Usage: 0.3%

2024-02-29 19:26:06,868:WARNING:
CPU Usage: 0.0%, 
Total Memory: 7.70 GB, 
Available Memory: 6.40 GB, 
Used Memory: 1.05 GB, 
Memory Usage: 16.9%, 
Total Disk Space: 1006.85 GB, 
Used Disk Space: 2.88 GB, 
Free Disk Space: 952.76 GB, 
Disk Space Usage: 0.3%

2024-02-29 19:31:03,556:WARNING:Cellphone message not sent, check twilio.com/console
2024-02-29 19:31:03,839:WARNING:
CPU Usage: 0.0%, 
Total Memory: 7.70 GB, 
Available Memory: 6.42 GB, 
Used Memory: 1.03 GB, 
Memory Usage: 16.6%, 
Total Disk Space: 1006.85 GB, 
Used Disk Space: 2.88 GB, 
Free Disk Space: 952.76 GB, 
Disk Space Usage: 0.3%

2024-02-29 19:31:53,398:WARNING:Cellphone message not sent, check twilio.com/console
2024-02-29 19:31:53,500:WARNING:
CPU Usage: 67.7%, 
Total Memory: 7.70 GB, 
Available Memory: 6.40 GB, 
Used Memory: 1.05 GB, 
Memory Usage: 16.8%, 
Total Disk Space: 1006.85 GB, 
Used Disk Space: 2.88 GB, 
Free Disk Space: 952.76 GB, 
Disk Space Usage: 0.3%

2024-02-29 19:36:28,972:WARNING:Cellphone message not sent, check twilio.com/console
2024-02-29 19:36:29,082:WARNING:
CPU Usage: 67.5%, 
Total Memory: 7.70 GB, 
Available Memory: 6.39 GB, 
Used Memory: 1.06 GB, 
Memory Usage: 17.0%, 
Total Disk Space: 1006.85 GB, 
Used Disk Space: 2.88 GB, 
Free Disk Space: 952.76 GB, 
Disk Space Usage: 0.3%

2024-02-29 19:41:57,901:WARNING:Cellphone message not sent, check twilio.com/console
2024-02-29 19:41:58,003:WARNING:
CPU Usage: 66.9%, 
Total Memory: 7.70 GB, 
Available Memory: 6.38 GB, 
Used Memory: 1.07 GB, 
Memory Usage: 17.1%, 
Total Disk Space: 1006.85 GB, 
Used Disk Space: 2.88 GB, 
Free Disk Space: 952.76 GB, 
Disk Space Usage: 0.3%

2024-02-29 19:42:09,380:WARNING:Cellphone message not sent, check twilio.com/console
2024-02-29 19:42:09,474:WARNING:
CPU Usage: 67.2%, 
Total Memory: 7.70 GB, 
Available Memory: 6.37 GB, 
Used Memory: 1.08 GB, 
Memory Usage: 17.2%, 
Total Disk Space: 1006.85 GB, 
Used Disk Space: 2.88 GB, 
Free Disk Space: 952.76 GB, 
Disk Space Usage: 0.3%

2024-02-29 19:43:23,142:WARNING:Cellphone message not sent, check twilio.com/console
2024-02-29 19:43:23,256:WARNING:
CPU Usage: 67.2%, 
Total Memory: 7.70 GB, 
Available Memory: 6.37 GB, 
Used Memory: 1.08 GB, 
Memory Usage: 17.3%, 
Total Disk Space: 1006.85 GB, 
Used Disk Space: 2.88 GB, 
Free Disk Space: 952.76 GB, 
Disk Space Usage: 0.3%

2024-02-29 19:45:19,930:WARNING:Cellphone message not sent, check twilio.com/console
2024-02-29 19:45:20,047:WARNING:
CPU Usage: 67.1%, 
Total Memory: 7.70 GB, 
Available Memory: 6.39 GB, 
Used Memory: 1.06 GB, 
Memory Usage: 17.0%, 
Total Disk Space: 1006.85 GB, 
Used Disk Space: 2.88 GB, 
Free Disk Space: 952.76 GB, 
Disk Space Usage: 0.3%

2024-02-29 19:46:22,082:WARNING:Cellphone message not sent, check twilio.com/console
2024-02-29 19:46:22,220:WARNING:
CPU Usage: 67.7%, 
Total Memory: 7.70 GB, 
Available Memory: 6.39 GB, 
Used Memory: 1.06 GB, 
Memory Usage: 17.1%, 
Total Disk Space: 1006.85 GB, 
Used Disk Space: 2.88 GB, 
Free Disk Space: 952.76 GB, 
Disk Space Usage: 0.3%

2024-03-01 17:07:53,493:WARNING:
CPU Usage: 0.2%, 
Total Memory: 7.70 GB, 
Available Memory: 6.34 GB, 
Used Memory: 1.12 GB, 
Memory Usage: 17.7%, 
Total Disk Space: 1006.85 GB, 
Used Disk Space: 2.95 GB, 
Free Disk Space: 952.69 GB, 
Disk Space Usage: 0.3%

